[debug] [2018-10-17T07:59:40.107Z] ----------------------------------------------------------------------
[debug] [2018-10-17T07:59:40.111Z] Command:       C:\Program Files\nodejs\node.exe C:\Users\india\AppData\Roaming\npm\node_modules\firebase-tools\bin\firebase deploy --only functions
[debug] [2018-10-17T07:59:40.111Z] CLI Version:   5.1.1
[debug] [2018-10-17T07:59:40.111Z] Platform:      win32
[debug] [2018-10-17T07:59:40.111Z] Node Version:  v9.3.0
[debug] [2018-10-17T07:59:40.111Z] Time:          Wed Oct 17 2018 00:59:40 GMT-0700 (Pacific Daylight Time)
[debug] [2018-10-17T07:59:40.111Z] ----------------------------------------------------------------------
[debug] 
[debug] [2018-10-17T07:59:40.124Z] > command requires scopes: ["email","openid","https://www.googleapis.com/auth/cloudplatformprojects.readonly","https://www.googleapis.com/auth/firebase","https://www.googleapis.com/auth/cloud-platform"]
[debug] [2018-10-17T07:59:40.127Z] > authorizing via signed-in user
[debug] [2018-10-17T07:59:40.127Z] [iam] checking project vrikshahfoundation-afc36 for permissions ["cloudfunctions.functions.create","cloudfunctions.functions.delete","cloudfunctions.functions.get","cloudfunctions.functions.list","cloudfunctions.functions.update","cloudfunctions.operations.get","firebase.projects.get"]
[debug] [2018-10-17T07:59:40.127Z] >>> HTTP REQUEST POST https://cloudresourcemanager.googleapis.com/v1/projects/vrikshahfoundation-afc36:testIamPermissions  

[debug] [2018-10-17T07:59:40.475Z] <<< HTTP RESPONSE 200
[info] 
[info] === Deploying to 'vrikshahfoundation-afc36'...
[info] 
[info] i  deploying functions
[debug] [2018-10-17T07:59:44.084Z] > [functions] package.json contents: {
  "name": "functions",
  "description": "Cloud Functions for Firebase",
  "scripts": {
    "serve": "firebase serve --only functions",
    "shell": "firebase functions:shell",
    "start": "npm run shell",
    "deploy": "firebase deploy --only functions",
    "logs": "firebase functions:log"
  },
  "dependencies": {
    "firebase-admin": "~6.0.0",
    "firebase-functions": "^2.0.3",
    "moment": "^2.22.2"
  },
  "private": true
}
[info] i  functions: ensuring necessary APIs are enabled...
[debug] [2018-10-17T07:59:44.084Z] >>> HTTP REQUEST GET https://servicemanagement.googleapis.com/v1/services/cloudfunctions.googleapis.com/projectSettings/vrikshahfoundation-afc36?view=CONSUMER_VIEW  
 
[debug] [2018-10-17T07:59:44.088Z] >>> HTTP REQUEST GET https://servicemanagement.googleapis.com/v1/services/runtimeconfig.googleapis.com/projectSettings/vrikshahfoundation-afc36?view=CONSUMER_VIEW  
 
[debug] [2018-10-17T07:59:44.925Z] <<< HTTP RESPONSE 200
[debug] [2018-10-17T07:59:44.939Z] <<< HTTP RESPONSE 200
[info] +  functions: all necessary APIs are enabled
[debug] [2018-10-17T07:59:44.940Z] >>> HTTP REQUEST GET https://cloudresourcemanager.googleapis.com/v1/projects/vrikshahfoundation-afc36  
 
